<?xml version="1.0" encoding="UTF-8"?>
<testng-results ignored="0" total="1" passed="1" failed="0" skipped="0">
  <reporter-output>
  </reporter-output>
  <suite started-at="2018-07-25T17:58:36Z" name="Default suite" finished-at="2018-07-25T17:58:40Z" duration-ms="4093">
    <groups>
    </groups>
    <test started-at="2018-07-25T17:58:36Z" name="Default test" finished-at="2018-07-25T17:58:40Z" duration-ms="4093">
      <class name="by.htp.mailpom.MailAutomationTest">
        <test-method is-config="true" signature="setUp()[pri:0, instance:by.htp.mailpom.MailAutomationTest@4961f6af]" started-at="2018-07-25T17:58:36Z" name="setUp" finished-at="2018-07-25T17:58:37Z" duration-ms="1809" status="PASS">
          <reporter-output>
          </reporter-output>
        </test-method> <!-- setUp -->
        <test-method signature="oneCanLoginMailRu()[pri:0, instance:by.htp.mailpom.MailAutomationTest@4961f6af]" started-at="2018-07-25T17:58:37Z" name="oneCanLoginMailRu" finished-at="2018-07-25T17:58:40Z" duration-ms="2238" status="PASS">
          <reporter-output>
          </reporter-output>
        </test-method> <!-- oneCanLoginMailRu -->
      </class> <!-- by.htp.mailpom.MailAutomationTest -->
    </test> <!-- Default test -->
  </suite> <!-- Default suite -->
</testng-results>
